[nlp.hb v3.0.0] Türkçe NLP kütüphanesi yüklendi ✓
╔══════════════════════════════════════════════════════════╗
║     📰  TÜRKÇE HABER ANALİZ SİSTEMİ                     ║
║     Hüma NLP v3.0.0 — 5 Haber · 5 Analiz Katmanı        ║
╚══════════════════════════════════════════════════════════╝
━━━━━━━━━━━━━━━━━━━━━━━━━━━━━━━━━━━━━━━━━━━━━━━━━━━━━━━━━━
📋 BÖLÜM 2 — Haber Haber Analiz
━━━━━━━━━━━━━━━━━━━━━━━━━━━━━━━━━━━━━━━━━━━━━━━━━━━━━━━━━━
┌─────────────────────────────────────────────────────────┐
│ Haber 1: Türkiye ekonomisi güçlü büyüme kaydetti
└─────────────────────────────────────────────────────────┘
  📝 Cümle sayısı  : 3
  🔤 Kelime sayısı : 28
━━━━━━━━━━━━━━━━━━━━━━━━━━━━━━━━
💬 Duygu Analizi
━━━━━━━━━━━━━━━━━━━━━━━━━━━━━━━━
  Ham Puan : 1
  Etiket   : POZİTİF ✅
━━━━━━━━━━━━━━━━━━━━━━━━━━━━━━━━
  🔍 Varlıklar:
    [YER] Türkiye
    [KİŞİ] Bakanı
    [KİŞİ] Mehmet
    [KİŞİ] Şimşek
  🔑 Anahtar kökler:
    türkiye (1x)
    ekonomis (1x)
    yıl (1x)

┌─────────────────────────────────────────────────────────┐
│ Haber 2: İstanbul'da büyük deprem tatbikatı yapıldı
└─────────────────────────────────────────────────────────┘
  📝 Cümle sayısı  : 3
  🔤 Kelime sayısı : 25
━━━━━━━━━━━━━━━━━━━━━━━━━━━━━━━━
💬 Duygu Analizi
━━━━━━━━━━━━━━━━━━━━━━━━━━━━━━━━
  Ham Puan : 1
  Etiket   : POZİTİF ✅
━━━━━━━━━━━━━━━━━━━━━━━━━━━━━━━━
  🔍 Varlıklar:
    [YER] İstanbul
    [KİŞİ] Büyükşehir
    [ORG] Belediyesi
    [KİŞİ] Üsküdar
    [ORG] AFAD
  🔑 Anahtar kökler:
    tatbik (2x)
    istanbul (1x)
    büyükşehir (1x)

┌─────────────────────────────────────────────────────────┐
│ Haber 3: Yapay zeka eğitimde yeni dönem açıyor
└─────────────────────────────────────────────────────────┘
  📝 Cümle sayısı  : 3
  🔤 Kelime sayısı : 26
━━━━━━━━━━━━━━━━━━━━━━━━━━━━━━━━
💬 Duygu Analizi
━━━━━━━━━━━━━━━━━━━━━━━━━━━━━━━━
  Ham Puan : 0
  Etiket   : NÖTR ➖
━━━━━━━━━━━━━━━━━━━━━━━━━━━━━━━━
  🔍 Varlıklar:
    [KİŞİ] Eğitim
    [ORG] Bakanlığı
    [YER] Ankara
    [KİŞİ] İzmir'deki
  🔑 Anahtar kökler:
    eğit (2x)
    mill (1x)
    eğitim (1x)

┌─────────────────────────────────────────────────────────┐
│ Haber 4: Orman yangınlarında endişe verici artış
└─────────────────────────────────────────────────────────┘
  📝 Cümle sayısı  : 3
  🔤 Kelime sayısı : 29
━━━━━━━━━━━━━━━━━━━━━━━━━━━━━━━━
💬 Duygu Analizi
━━━━━━━━━━━━━━━━━━━━━━━━━━━━━━━━
  Ham Puan : -2
  Etiket   : NEGATİF ❌
━━━━━━━━━━━━━━━━━━━━━━━━━━━━━━━━
  🔍 Varlıklar:
    [KİŞİ] Türkiye'nin
    [KİŞİ] Akdeniz
    [KİŞİ] Antalya'da
  🔑 Anahtar kökler:
    yang (2x)
    yaz (1x)
    türkiye (1x)

┌─────────────────────────────────────────────────────────┐
│ Haber 5: Türk takımları Avrupa'da başarılı sonuçlar aldı
└─────────────────────────────────────────────────────────┘
  📝 Cümle sayısı  : 3
  🔤 Kelime sayısı : 23
━━━━━━━━━━━━━━━━━━━━━━━━━━━━━━━━
💬 Duygu Analizi
━━━━━━━━━━━━━━━━━━━━━━━━━━━━━━━━
  Ham Puan : 4
  Etiket   : POZİTİF ✅
━━━━━━━━━━━━━━━━━━━━━━━━━━━━━━━━
  🔍 Varlıklar:
    [KİŞİ] Fenerbahçe
    [YER] Avrupa
    [YER] İstanbul
  🔑 Anahtar kökler:
    galatasaray (1x)
    fenerbahçe (1x)
    avrupa (1x)

━━━━━━━━━━━━━━━━━━━━━━━━━━━━━━━━━━━━━━━━━━━━━━━━━━━━━━━━━━
📋 BÖLÜM 3 — Haberler Arası Benzerlik (ortak kelime)
━━━━━━━━━━━━━━━━━━━━━━━━━━━━━━━━━━━━━━━━━━━━━━━━━━━━━━━━━━
  H1 = Türkiye ekonomisi güçlü büyüme kaydetti
  H2 = İstanbul'da büyük deprem tatbikatı yapıldı
  H3 = Yapay zeka eğitimde yeni dönem açıyor
  H4 = Orman yangınlarında endişe verici artış
  H5 = Türk takımları Avrupa'da başarılı sonuçlar aldı

  H1 ↔ H2  ortak: 1
  H1 ↔ H3  ortak: 1
  H1 ↔ H4  ortak: 1
  H1 ↔ H5  ortak: 0
  H2 ↔ H3  ortak: 0
  H2 ↔ H4  ortak: 1
  H2 ↔ H5  ortak: 1
  H3 ↔ H4  ortak: 0
  H3 ↔ H5  ortak: 0
  H4 ↔ H5  ortak: 1
━━━━━━━━━━━━━━━━━━━━━━━━━━━━━━━━━━━━━━━━━━━━━━━━━━━━━━━━━━
📋 BÖLÜM 4 — Koleksiyon Geneli TF Skorlaması
━━━━━━━━━━━━━━━━━━━━━━━━━━━━━━━━━━━━━━━━━━━━━━━━━━━━━━━━━━
  ▸ Haber 1 en önemli kelimeler:
    türkiye → skor: 7
    ekonomisi → skor: 7
    yıl → skor: 7
  ▸ Haber 2 en önemli kelimeler:
    istanbul → skor: 7
    büyükşehir → skor: 7
    belediyesi → skor: 7
  ▸ Haber 3 en önemli kelimeler:
    eğitim → skor: 9
    milli → skor: 7
    bakanlığı → skor: 7
  ▸ Haber 4 en önemli kelimeler:
    yaz → skor: 7
    türkiye → skor: 7
    nin → skor: 7
  ▸ Haber 5 en önemli kelimeler:
    galatasaray → skor: 7
    fenerbahçe → skor: 7
    avrupa → skor: 7
━━━━━━━━━━━━━━━━━━━━━━━━━━━━━━━━━━━━━━━━━━━━━━━━━━━━━━━━━━
📋 BÖLÜM 5 — Duygu Dağılımı Özeti
━━━━━━━━━━━━━━━━━━━━━━━━━━━━━━━━━━━━━━━━━━━━━━━━━━━━━━━━━━
  ✅ H1 POZİTİF  (1)  — Türkiye ekonomisi güçlü büyüme kaydetti
  ✅ H2 POZİTİF  (1)  — İstanbul'da büyük deprem tatbikatı yapıldı
  ➖ H3 NÖTR     (0)  — Yapay zeka eğitimde yeni dönem açıyor
  ❌ H4 NEGATİF  (-2)  — Orman yangınlarında endişe verici artış
  ✅ H5 POZİTİF  (4)  — Türk takımları Avrupa'da başarılı sonuçlar aldı

  Toplam POZİTİF : 3
  Toplam NEGATİF : 1
  Toplam NÖTR    : 1
━━━━━━━━━━━━━━━━━━━━━━━━━━━━━━━━━━━━━━━━━━━━━━━━━━━━━━━━━━
📋 BÖLÜM 6 — Koleksiyon Geneli İstatistik
━━━━━━━━━━━━━━━━━━━━━━━━━━━━━━━━━━━━━━━━━━━━━━━━━━━━━━━━━━
  📊 5 haberin istatistiği:
  Toplam karakter   : 1009
  Toplam kelime     : 131
  Toplam cümle      : 15
  Benzersiz kök     : 103

  🏆 Koleksiyonun en sık 5 kökü:
    1. eğit  —  3 kez
    2. türk  —  2 kez
    3. ank  —  2 kez
    4. başarıl  —  2 kez
    5. istanbul  —  2 kez
━━━━━━━━━━━━━━━━━━━━━━━━━━━━━━━━━━━━━━━━━━━━━━━━━━━━━━━━━━
╔══════════════════════════════════════════════════════════╗
║  ✅  Haber analizi tamamlandı.                           ║
║  Hüma NLP — Türkçe doğal dil işleme başarıyla çalıştı.  ║
╚══════════════════════════════════════════════════════════╝
